{"D:\\RRC Polytech\\2025Fall\\3018 Back end development\\3018_assignment_1\\src\\app.ts": {"path":"D:\\RRC Polytech\\2025Fall\\3018 Back end development\\3018_assignment_1\\src\\app.ts","statementMap":{"0":{"start":{"line":1,"column":0},"end":{"line":1,"column":43}},"1":{"start":{"line":2,"column":0},"end":{"line":2,"column":null}},"2":{"start":{"line":6,"column":21},"end":{"line":6,"column":30}},"3":{"start":{"line":9,"column":0},"end":{"line":11,"column":3}},"4":{"start":{"line":10,"column":4},"end":{"line":10,"column":30}},"5":{"start":{"line":16,"column":0},"end":{"line":23,"column":3}},"6":{"start":{"line":17,"column":4},"end":{"line":22,"column":7}},"7":{"start":{"line":31,"column":4},"end":{"line":31,"column":24}},"8":{"start":{"line":31,"column":12},"end":{"line":31,"column":24}},"9":{"start":{"line":32,"column":4},"end":{"line":40,"column":5}},"10":{"start":{"line":33,"column":8},"end":{"line":36,"column":5}},"11":{"start":{"line":34,"column":27},"end":{"line":34,"column":40}},"12":{"start":{"line":35,"column":12},"end":{"line":35,"column":64}},"13":{"start":{"line":35,"column":39},"end":{"line":35,"column":64}},"14":{"start":{"line":37,"column":4},"end":{"line":37,"column":46}},"15":{"start":{"line":37,"column":26},"end":{"line":37,"column":46}},"16":{"start":{"line":39,"column":8},"end":{"line":39,"column":20}},"17":{"start":{"line":41,"column":4},"end":{"line":41,"column":16}},"18":{"start":{"line":49,"column":0},"end":{"line":64,"column":3}},"19":{"start":{"line":50,"column":20},"end":{"line":50,"column":97}},"20":{"start":{"line":51,"column":20},"end":{"line":51,"column":87}},"21":{"start":{"line":54,"column":4},"end":{"line":56,"column":5}},"22":{"start":{"line":55,"column":4},"end":{"line":55,"column":97}},"23":{"start":{"line":60,"column":8},"end":{"line":62,"column":41}},"24":{"start":{"line":63,"column":4},"end":{"line":63,"column":28}},"25":{"start":{"line":71,"column":0},"end":{"line":87,"column":3}},"26":{"start":{"line":72,"column":16},"end":{"line":72,"column":32}},"27":{"start":{"line":73,"column":19},"end":{"line":73,"column":40}},"28":{"start":{"line":75,"column":4},"end":{"line":83,"column":5}},"29":{"start":{"line":76,"column":33},"end":{"line":80,"column":10}},"30":{"start":{"line":81,"column":24},"end":{"line":81,"column":50}},"31":{"start":{"line":82,"column":8},"end":{"line":82,"column":92}},"32":{"start":{"line":85,"column":20},"end":{"line":85,"column":45}},"33":{"start":{"line":86,"column":4},"end":{"line":86,"column":33}},"34":{"start":{"line":93,"column":0},"end":{"line":103,"column":3}},"35":{"start":{"line":94,"column":16},"end":{"line":94,"column":32}},"36":{"start":{"line":95,"column":19},"end":{"line":95,"column":40}},"37":{"start":{"line":97,"column":4},"end":{"line":99,"column":5}},"38":{"start":{"line":98,"column":8},"end":{"line":98,"column":117}},"39":{"start":{"line":101,"column":42},"end":{"line":101,"column":74}},"40":{"start":{"line":102,"column":4},"end":{"line":102,"column":36}},"41":{"start":{"line":105,"column":0},"end":{"line":105,"column":19}}},"fnMap":{"0":{"name":"(anonymous_1)","decl":{"start":{"line":9,"column":13},"end":{"line":9,"column":14}},"loc":{"start":{"line":9,"column":26},"end":{"line":11,"column":1}}},"1":{"name":"(anonymous_2)","decl":{"start":{"line":16,"column":26},"end":{"line":16,"column":27}},"loc":{"start":{"line":16,"column":39},"end":{"line":23,"column":1}}},"2":{"name":"parseAssetsQuery","decl":{"start":{"line":30,"column":9},"end":{"line":30,"column":25}},"loc":{"start":{"line":30,"column":32},"end":{"line":42,"column":1}}},"3":{"name":"(anonymous_4)","decl":{"start":{"line":49,"column":41},"end":{"line":49,"column":42}},"loc":{"start":{"line":49,"column":54},"end":{"line":64,"column":1}}},"4":{"name":"(anonymous_5)","decl":{"start":{"line":71,"column":45},"end":{"line":71,"column":46}},"loc":{"start":{"line":71,"column":58},"end":{"line":87,"column":1}}},"5":{"name":"(anonymous_6)","decl":{"start":{"line":93,"column":40},"end":{"line":93,"column":41}},"loc":{"start":{"line":93,"column":53},"end":{"line":103,"column":1}}}},"branchMap":{"0":{"loc":{"start":{"line":31,"column":4},"end":{"line":31,"column":24}},"type":"if","locations":[{"start":{"line":31,"column":4},"end":{"line":31,"column":24}},{"start":{},"end":{}}]},"1":{"loc":{"start":{"line":33,"column":8},"end":{"line":36,"column":5}},"type":"if","locations":[{"start":{"line":33,"column":8},"end":{"line":36,"column":5}},{"start":{},"end":{}}]},"2":{"loc":{"start":{"line":35,"column":12},"end":{"line":35,"column":64}},"type":"if","locations":[{"start":{"line":35,"column":12},"end":{"line":35,"column":64}},{"start":{},"end":{}}]},"3":{"loc":{"start":{"line":37,"column":4},"end":{"line":37,"column":46}},"type":"if","locations":[{"start":{"line":37,"column":4},"end":{"line":37,"column":46}},{"start":{},"end":{}}]},"4":{"loc":{"start":{"line":50,"column":20},"end":{"line":50,"column":97}},"type":"cond-expr","locations":[{"start":{"line":50,"column":50},"end":{"line":50,"column":85}},{"start":{"line":50,"column":88},"end":{"line":50,"column":97}}]},"5":{"loc":{"start":{"line":51,"column":20},"end":{"line":51,"column":87}},"type":"cond-expr","locations":[{"start":{"line":51,"column":45},"end":{"line":51,"column":75}},{"start":{"line":51,"column":78},"end":{"line":51,"column":87}}]},"6":{"loc":{"start":{"line":54,"column":4},"end":{"line":56,"column":5}},"type":"if","locations":[{"start":{"line":54,"column":4},"end":{"line":56,"column":5}},{"start":{},"end":{}}]},"7":{"loc":{"start":{"line":54,"column":8},"end":{"line":54,"column":108}},"type":"binary-expr","locations":[{"start":{"line":54,"column":9},"end":{"line":54,"column":30}},{"start":{"line":54,"column":34},"end":{"line":54,"column":55}},{"start":{"line":54,"column":61},"end":{"line":54,"column":82}},{"start":{"line":54,"column":86},"end":{"line":54,"column":107}}]},"8":{"loc":{"start":{"line":60,"column":8},"end":{"line":62,"column":41}},"type":"cond-expr","locations":[{"start":{"line":61,"column":10},"end":{"line":61,"column":57}},{"start":{"line":62,"column":10},"end":{"line":62,"column":41}}]},"9":{"loc":{"start":{"line":60,"column":8},"end":{"line":60,"column":54}},"type":"binary-expr","locations":[{"start":{"line":60,"column":8},"end":{"line":60,"column":29}},{"start":{"line":60,"column":33},"end":{"line":60,"column":54}}]},"10":{"loc":{"start":{"line":75,"column":4},"end":{"line":83,"column":5}},"type":"if","locations":[{"start":{"line":75,"column":4},"end":{"line":83,"column":5}},{"start":{},"end":{}}]},"11":{"loc":{"start":{"line":97,"column":4},"end":{"line":99,"column":5}},"type":"if","locations":[{"start":{"line":97,"column":4},"end":{"line":99,"column":5}},{"start":{},"end":{}}]}},"s":{"0":1,"1":1,"2":1,"3":1,"4":0,"5":1,"6":3,"7":0,"8":0,"9":0,"10":0,"11":0,"12":0,"13":0,"14":0,"15":0,"16":0,"17":0,"18":1,"19":0,"20":0,"21":0,"22":0,"23":0,"24":0,"25":1,"26":0,"27":0,"28":0,"29":0,"30":0,"31":0,"32":0,"33":0,"34":1,"35":0,"36":0,"37":0,"38":0,"39":0,"40":0,"41":1},"f":{"0":0,"1":3,"2":0,"3":0,"4":0,"5":0},"b":{"0":[0,0],"1":[0,0],"2":[0,0],"3":[0,0],"4":[0,0],"5":[0,0],"6":[0,0],"7":[0,0,0,0],"8":[0,0],"9":[0,0],"10":[0,0],"11":[0,0]}}
,"D:\\RRC Polytech\\2025Fall\\3018 Back end development\\3018_assignment_1\\src\\portfolio\\portfolioPerformance.ts": {"path":"D:\\RRC Polytech\\2025Fall\\3018 Back end development\\3018_assignment_1\\src\\portfolio\\portfolioPerformance.ts","statementMap":{"0":{"start":{"line":11,"column":0},"end":{"line":11,"column":16}},"1":{"start":{"line":52,"column":0},"end":{"line":52,"column":16}},"2":{"start":{"line":69,"column":0},"end":{"line":69,"column":16}},"3":{"start":{"line":15,"column":25},"end":{"line":15,"column":57}},"4":{"start":{"line":17,"column":29},"end":{"line":17,"column":69}},"5":{"start":{"line":21,"column":8},"end":{"line":35,"column":46}},"6":{"start":{"line":38,"column":4},"end":{"line":44,"column":6}},"7":{"start":{"line":53,"column":4},"end":{"line":53,"column":41}},"8":{"start":{"line":53,"column":29},"end":{"line":53,"column":41}},"9":{"start":{"line":55,"column":26},"end":{"line":55,"column":35}},"10":{"start":{"line":56,"column":4},"end":{"line":60,"column":5}},"11":{"start":{"line":57,"column":8},"end":{"line":59,"column":9}},"12":{"start":{"line":58,"column":8},"end":{"line":58,"column":25}},"13":{"start":{"line":61,"column":4},"end":{"line":61,"column":20}},"14":{"start":{"line":70,"column":4},"end":{"line":70,"column":50}},"15":{"start":{"line":70,"column":40},"end":{"line":70,"column":50}},"16":{"start":{"line":71,"column":31},"end":{"line":71,"column":82}},"17":{"start":{"line":71,"column":61},"end":{"line":71,"column":78}},"18":{"start":{"line":73,"column":4},"end":{"line":76,"column":8}},"19":{"start":{"line":73,"column":32},"end":{"line":76,"column":6}}},"fnMap":{"0":{"name":"calculatePortfolioPerformance","decl":{"start":{"line":11,"column":16},"end":{"line":11,"column":45}},"loc":{"start":{"line":13,"column":32},"end":{"line":45,"column":1}}},"1":{"name":"getLargestHolding","decl":{"start":{"line":52,"column":16},"end":{"line":52,"column":33}},"loc":{"start":{"line":52,"column":49},"end":{"line":62,"column":1}}},"2":{"name":"calculateAssetAllocation","decl":{"start":{"line":69,"column":16},"end":{"line":69,"column":40}},"loc":{"start":{"line":69,"column":56},"end":{"line":77,"column":1}}},"3":{"name":"(anonymous_3)","decl":{"start":{"line":71,"column":45},"end":{"line":71,"column":46}},"loc":{"start":{"line":71,"column":61},"end":{"line":71,"column":78}}},"4":{"name":"(anonymous_4)","decl":{"start":{"line":73,"column":22},"end":{"line":73,"column":27}},"loc":{"start":{"line":73,"column":32},"end":{"line":76,"column":6}}}},"branchMap":{"0":{"loc":{"start":{"line":12,"column":4},"end":{"line":12,"column":37}},"type":"default-arg","locations":[{"start":{"line":12,"column":32},"end":{"line":12,"column":37}}]},"1":{"loc":{"start":{"line":13,"column":4},"end":{"line":13,"column":32}},"type":"default-arg","locations":[{"start":{"line":13,"column":27},"end":{"line":13,"column":32}}]},"2":{"loc":{"start":{"line":21,"column":8},"end":{"line":35,"column":46}},"type":"cond-expr","locations":[{"start":{"line":22,"column":14},"end":{"line":34,"column":89}},{"start":{"line":35,"column":14},"end":{"line":35,"column":46}}]},"3":{"loc":{"start":{"line":22,"column":14},"end":{"line":34,"column":89}},"type":"cond-expr","locations":[{"start":{"line":23,"column":18},"end":{"line":23,"column":93}},{"start":{"line":24,"column":18},"end":{"line":34,"column":89}}]},"4":{"loc":{"start":{"line":24,"column":18},"end":{"line":34,"column":89}},"type":"cond-expr","locations":[{"start":{"line":25,"column":18},"end":{"line":25,"column":90}},{"start":{"line":26,"column":18},"end":{"line":34,"column":89}}]},"5":{"loc":{"start":{"line":26,"column":18},"end":{"line":34,"column":89}},"type":"cond-expr","locations":[{"start":{"line":27,"column":18},"end":{"line":27,"column":88}},{"start":{"line":28,"column":18},"end":{"line":34,"column":89}}]},"6":{"loc":{"start":{"line":28,"column":18},"end":{"line":34,"column":89}},"type":"cond-expr","locations":[{"start":{"line":29,"column":18},"end":{"line":29,"column":48}},{"start":{"line":30,"column":18},"end":{"line":34,"column":89}}]},"7":{"loc":{"start":{"line":30,"column":18},"end":{"line":34,"column":89}},"type":"cond-expr","locations":[{"start":{"line":31,"column":18},"end":{"line":31,"column":84}},{"start":{"line":32,"column":18},"end":{"line":34,"column":89}}]},"8":{"loc":{"start":{"line":32,"column":18},"end":{"line":34,"column":89}},"type":"cond-expr","locations":[{"start":{"line":33,"column":18},"end":{"line":33,"column":86}},{"start":{"line":34,"column":18},"end":{"line":34,"column":89}}]},"9":{"loc":{"start":{"line":53,"column":4},"end":{"line":53,"column":41}},"type":"if","locations":[{"start":{"line":53,"column":4},"end":{"line":53,"column":41}},{"start":{},"end":{}}]},"10":{"loc":{"start":{"line":57,"column":8},"end":{"line":59,"column":9}},"type":"if","locations":[{"start":{"line":57,"column":8},"end":{"line":59,"column":9}},{"start":{},"end":{}}]},"11":{"loc":{"start":{"line":70,"column":4},"end":{"line":70,"column":50}},"type":"if","locations":[{"start":{"line":70,"column":4},"end":{"line":70,"column":50}},{"start":{},"end":{}}]},"12":{"loc":{"start":{"line":70,"column":8},"end":{"line":70,"column":38}},"type":"binary-expr","locations":[{"start":{"line":70,"column":8},"end":{"line":70,"column":15}},{"start":{"line":70,"column":19},"end":{"line":70,"column":38}}]}},"s":{"0":2,"1":2,"2":2,"3":3,"4":3,"5":3,"6":3,"7":3,"8":1,"9":2,"10":2,"11":6,"12":0,"13":2,"14":3,"15":1,"16":2,"17":6,"18":2,"19":6},"f":{"0":3,"1":3,"2":3,"3":6,"4":6},"b":{"0":[0],"1":[0],"2":[3,0],"3":[1,2],"4":[0,2],"5":[0,2],"6":[1,1],"7":[1,0],"8":[0,0],"9":[1,2],"10":[0,6],"11":[1,2],"12":[3,3]}}
}
