TN:
SF:src\app.ts
FN:9,(anonymous_1)
FN:16,(anonymous_2)
FN:30,parseAssetsQuery
FN:49,(anonymous_4)
FN:71,(anonymous_5)
FN:93,(anonymous_6)
FNF:6
FNH:1
FNDA:0,(anonymous_1)
FNDA:3,(anonymous_2)
FNDA:0,parseAssetsQuery
FNDA:0,(anonymous_4)
FNDA:0,(anonymous_5)
FNDA:0,(anonymous_6)
DA:1,1
DA:2,1
DA:6,1
DA:9,1
DA:10,0
DA:16,1
DA:17,3
DA:31,0
DA:32,0
DA:33,0
DA:34,0
DA:35,0
DA:37,0
DA:39,0
DA:41,0
DA:49,1
DA:50,0
DA:51,0
DA:54,0
DA:55,0
DA:60,0
DA:63,0
DA:71,1
DA:72,0
DA:73,0
DA:75,0
DA:76,0
DA:81,0
DA:82,0
DA:85,0
DA:86,0
DA:93,1
DA:94,0
DA:95,0
DA:97,0
DA:98,0
DA:101,0
DA:102,0
DA:105,1
LF:39
LH:10
BRDA:31,0,0,0
BRDA:31,0,1,0
BRDA:33,1,0,0
BRDA:33,1,1,0
BRDA:35,2,0,0
BRDA:35,2,1,0
BRDA:37,3,0,0
BRDA:37,3,1,0
BRDA:50,4,0,0
BRDA:50,4,1,0
BRDA:51,5,0,0
BRDA:51,5,1,0
BRDA:54,6,0,0
BRDA:54,6,1,0
BRDA:54,7,0,0
BRDA:54,7,1,0
BRDA:54,7,2,0
BRDA:54,7,3,0
BRDA:60,8,0,0
BRDA:60,8,1,0
BRDA:60,9,0,0
BRDA:60,9,1,0
BRDA:75,10,0,0
BRDA:75,10,1,0
BRDA:97,11,0,0
BRDA:97,11,1,0
BRF:26
BRH:0
end_of_record
TN:
SF:src\portfolio\portfolioPerformance.ts
FN:11,calculatePortfolioPerformance
FN:52,getLargestHolding
FN:69,calculateAssetAllocation
FN:71,(anonymous_3)
FN:73,(anonymous_4)
FNF:5
FNH:5
FNDA:3,calculatePortfolioPerformance
FNDA:3,getLargestHolding
FNDA:3,calculateAssetAllocation
FNDA:6,(anonymous_3)
FNDA:6,(anonymous_4)
DA:11,2
DA:15,3
DA:17,3
DA:21,3
DA:38,3
DA:52,2
DA:53,3
DA:55,2
DA:56,2
DA:57,6
DA:58,0
DA:61,2
DA:69,2
DA:70,3
DA:71,6
DA:73,6
LF:16
LH:15
BRDA:12,0,0,0
BRDA:13,1,0,0
BRDA:21,2,0,3
BRDA:21,2,1,0
BRDA:22,3,0,1
BRDA:22,3,1,2
BRDA:24,4,0,0
BRDA:24,4,1,2
BRDA:26,5,0,0
BRDA:26,5,1,2
BRDA:28,6,0,1
BRDA:28,6,1,1
BRDA:30,7,0,1
BRDA:30,7,1,0
BRDA:32,8,0,0
BRDA:32,8,1,0
BRDA:53,9,0,1
BRDA:53,9,1,2
BRDA:57,10,0,0
BRDA:57,10,1,6
BRDA:70,11,0,1
BRDA:70,11,1,2
BRDA:70,12,0,3
BRDA:70,12,1,3
BRF:24
BRH:15
end_of_record
